\BOOKMARK [0][-]{chapter*.1}{Agradecimientos}{}% 1
\BOOKMARK [0][-]{chapter*.2}{Dedicatoria}{}% 2
\BOOKMARK [0][-]{chapter*.3}{Resumen}{}% 3
\BOOKMARK [0][-]{chapter*.4}{Abstract}{}% 4
\BOOKMARK [0][-]{chapter*.5}{\315ndice de Contenidos}{}% 5
\BOOKMARK [0][-]{chapter*.5}{Lista de Tablas}{}% 6
\BOOKMARK [0][-]{chapter*.6}{\315ndice de cuadros}{}% 7
\BOOKMARK [0][-]{chapter*.6}{Lista de Figuras}{}% 8
\BOOKMARK [0][-]{chapter*.7}{\315ndice de figuras}{}% 9
\BOOKMARK [0][-]{chapter*.8}{Glosario}{}% 10
\BOOKMARK [0][-]{chapter*.9}{Introducci\363n}{}% 11
\BOOKMARK [0][-]{chapter.1}{Definici\363n del Problema}{}% 12
\BOOKMARK [1][-]{section.1.1}{Informaci\363n previa a considerar}{chapter.1}% 13
\BOOKMARK [2][-]{subsection.1.1.1}{Biomol\351culas}{section.1.1}% 14
\BOOKMARK [2][-]{subsection.1.1.2}{Amino\341cidos}{section.1.1}% 15
\BOOKMARK [1][-]{section.1.2}{Secuencias de prote\355nas}{chapter.1}% 16
\BOOKMARK [1][-]{section.1.3}{Definici\363n}{chapter.1}% 17
\BOOKMARK [0][-]{chapter.2}{Estado del Arte}{}% 18
\BOOKMARK [0][-]{chapter.3}{Propuesta}{}% 19
\BOOKMARK [0][-]{chapter.4}{Implementaci\363n}{}% 20
\BOOKMARK [0][-]{chapter*.15}{Conclusiones}{}% 21
\BOOKMARK [0][-]{chapter*.16}{Bibliograf\355a}{}% 22
